# JRE version: Java(TM) SE Runtime Environment (8.0_91-b14) (build 1.8.0_91-b14)
# Java VM: Java HotSpot(TM) 64-Bit Server VM (25.91-b14 mixed mode linux-amd64 compressed oops)
Heap:
 PSYoungGen      total 314880K, used 109772K [0x00000000e0000000, 0x00000000f8a80000, 0x0000000100000000)
  eden space 275456K, 25% used [0x00000000e0000000,0x00000000e44b5d20,0x00000000f0d00000)
  from space 39424K, 99% used [0x00000000f3e80000,0x00000000f64fd4c0,0x00000000f6500000)
  to   space 50688K, 0% used [0x00000000f0d00000,0x00000000f0d00000,0x00000000f3e80000)
 ParOldGen       total 154624K, used 69057K [0x00000000a0000000, 0x00000000a9700000, 0x00000000e0000000)
  object space 154624K, 44% used [0x00000000a0000000,0x00000000a4370430,0x00000000a9700000)
 Metaspace       used 62254K, capacity 63996K, committed 64216K, reserved 1105920K
  class space    used 8254K, capacity 8658K, committed 8704K, reserved 1048576K
GC Heap History (10 events):
Event: 17,626 GC heap before
{Heap before GC invocations=13 (full 3):
 PSYoungGen      total 213504K, used 20458K [0x00000000e0000000, 0x00000000eec80000, 0x0000000100000000)
  eden space 193024K, 0% used [0x00000000e0000000,0x00000000e0000000,0x00000000ebc80000)
  from space 20480K, 99% used [0x00000000ed400000,0x00000000ee7fab80,0x00000000ee800000)
  to   space 24064K, 0% used [0x00000000ebc80000,0x00000000ebc80000,0x00000000ed400000)
 ParOldGen       total 105472K, used 24032K [0x00000000a0000000, 0x00000000a6700000, 0x00000000e0000000)
  object space 105472K, 22% used [0x00000000a0000000,0x00000000a17783b0,0x00000000a6700000)
 Metaspace       used 57429K, capacity 58942K, committed 59096K, reserved 1099776K
  class space    used 7752K, capacity 8101K, committed 8192K, reserved 1048576K
Event: 17,833 GC heap after
Heap after GC invocations=13 (full 3):
 PSYoungGen      total 213504K, used 0K [0x00000000e0000000, 0x00000000eec80000, 0x0000000100000000)
  eden space 193024K, 0% used [0x00000000e0000000,0x00000000e0000000,0x00000000ebc80000)
  from space 20480K, 0% used [0x00000000ed400000,0x00000000ed400000,0x00000000ee800000)
  to   space 24064K, 0% used [0x00000000ebc80000,0x00000000ebc80000,0x00000000ed400000)
 ParOldGen       total 154624K, used 35571K [0x00000000a0000000, 0x00000000a9700000, 0x00000000e0000000)
  object space 154624K, 23% used [0x00000000a0000000,0x00000000a22bcf40,0x00000000a9700000)
 Metaspace       used 57411K, capacity 58898K, committed 59096K, reserved 1099776K
  class space    used 7746K, capacity 8089K, committed 8192K, reserved 1048576K
}
Event: 18,080 GC heap before
{Heap before GC invocations=14 (full 3):
 PSYoungGen      total 213504K, used 192661K [0x00000000e0000000, 0x00000000eec80000, 0x0000000100000000)
  eden space 193024K, 99% used [0x00000000e0000000,0x00000000ebc256f8,0x00000000ebc80000)
  from space 20480K, 0% used [0x00000000ed400000,0x00000000ed400000,0x00000000ee800000)
  to   space 24064K, 0% used [0x00000000ebc80000,0x00000000ebc80000,0x00000000ed400000)
 ParOldGen       total 154624K, used 35571K [0x00000000a0000000, 0x00000000a9700000, 0x00000000e0000000)
  object space 154624K, 23% used [0x00000000a0000000,0x00000000a22bcf40,0x00000000a9700000)
 Metaspace       used 58041K, capacity 59616K, committed 59992K, reserved 1101824K
  class space    used 7850K, capacity 8212K, committed 8320K, reserved 1048576K
Event: 18,083 GC heap after
Heap after GC invocations=14 (full 3):
 PSYoungGen      total 217088K, used 845K [0x00000000e0000000, 0x00000000f1000000, 0x0000000100000000)
  eden space 193024K, 0% used [0x00000000e0000000,0x00000000e0000000,0x00000000ebc80000)
  from space 24064K, 3% used [0x00000000ebc80000,0x00000000ebd53510,0x00000000ed400000)
  to   space 24576K, 0% used [0x00000000ef800000,0x00000000ef800000,0x00000000f1000000)
 ParOldGen       total 154624K, used 35579K [0x00000000a0000000, 0x00000000a9700000, 0x00000000e0000000)
  object space 154624K, 23% used [0x00000000a0000000,0x00000000a22bef40,0x00000000a9700000)
 Metaspace       used 58041K, capacity 59616K, committed 59992K, reserved 1101824K
  class space    used 7850K, capacity 8212K, committed 8320K, reserved 1048576K
}
Event: 20,019 GC heap before
{Heap before GC invocations=15 (full 3):
 PSYoungGen      total 217088K, used 193869K [0x00000000e0000000, 0x00000000f1000000, 0x0000000100000000)
  eden space 193024K, 100% used [0x00000000e0000000,0x00000000ebc80000,0x00000000ebc80000)
  from space 24064K, 3% used [0x00000000ebc80000,0x00000000ebd53510,0x00000000ed400000)
  to   space 24576K, 0% used [0x00000000ef800000,0x00000000ef800000,0x00000000f1000000)
 ParOldGen       total 154624K, used 35579K [0x00000000a0000000, 0x00000000a9700000, 0x00000000e0000000)
  object space 154624K, 23% used [0x00000000a0000000,0x00000000a22bef40,0x00000000a9700000)
 Metaspace       used 61749K, capacity 63484K, committed 63704K, reserved 1103872K
  class space    used 8248K, capacity 8658K, committed 8704K, reserved 1048576K
Event: 20,058 GC heap after
Heap after GC invocations=15 (full 3):
 PSYoungGen      total 250880K, used 21944K [0x00000000e0000000, 0x00000000f1a80000, 0x0000000100000000)
  eden space 226304K, 0% used [0x00000000e0000000,0x00000000e0000000,0x00000000edd00000)
  from space 24576K, 89% used [0x00000000ef800000,0x00000000f0d6e220,0x00000000f1000000)
  to   space 27648K, 0% used [0x00000000edd00000,0x00000000edd00000,0x00000000ef800000)
 ParOldGen       total 154624K, used 35587K [0x00000000a0000000, 0x00000000a9700000, 0x00000000e0000000)
  object space 154624K, 23% used [0x00000000a0000000,0x00000000a22c0f40,0x00000000a9700000)
 Metaspace       used 61749K, capacity 63484K, committed 63704K, reserved 1103872K
  class space    used 8248K, capacity 8658K, committed 8704K, reserved 1048576K
}
Event: 21,596 GC heap before
{Heap before GC invocations=16 (full 3):
 PSYoungGen      total 250880K, used 248248K [0x00000000e0000000, 0x00000000f1a80000, 0x0000000100000000)
  eden space 226304K, 100% used [0x00000000e0000000,0x00000000edd00000,0x00000000edd00000)
  from space 24576K, 89% used [0x00000000ef800000,0x00000000f0d6e220,0x00000000f1000000)
  to   space 27648K, 0% used [0x00000000edd00000,0x00000000edd00000,0x00000000ef800000)
 ParOldGen       total 154624K, used 35587K [0x00000000a0000000, 0x00000000a9700000, 0x00000000e0000000)
  object space 154624K, 23% used [0x00000000a0000000,0x00000000a22c0f40,0x00000000a9700000)
 Metaspace       used 61948K, capacity 63676K, committed 63960K, reserved 1103872K
  class space    used 8250K, capacity 8658K, committed 8704K, reserved 1048576K
Event: 21,656 GC heap after
Heap after GC invocations=16 (full 3):
 PSYoungGen      total 253952K, used 27632K [0x00000000e0000000, 0x00000000f6500000, 0x0000000100000000)
  eden space 226304K, 0% used [0x00000000e0000000,0x00000000e0000000,0x00000000edd00000)
  from space 27648K, 99% used [0x00000000edd00000,0x00000000ef7fc220,0x00000000ef800000)
  to   space 39424K, 0% used [0x00000000f3e80000,0x00000000f3e80000,0x00000000f6500000)
 ParOldGen       total 154624K, used 55394K [0x00000000a0000000, 0x00000000a9700000, 0x00000000e0000000)
  object space 154624K, 35% used [0x00000000a0000000,0x00000000a3618988,0x00000000a9700000)
 Metaspace       used 61948K, capacity 63676K, committed 63960K, reserved 1103872K
  class space    used 8250K, capacity 8658K, committed 8704K, reserved 1048576K
}
Event: 22,819 GC heap before
{Heap before GC invocations=17 (full 3):
 PSYoungGen      total 253952K, used 253936K [0x00000000e0000000, 0x00000000f6500000, 0x0000000100000000)
  eden space 226304K, 100% used [0x00000000e0000000,0x00000000edd00000,0x00000000edd00000)
  from space 27648K, 99% used [0x00000000edd00000,0x00000000ef7fc220,0x00000000ef800000)
  to   space 39424K, 0% used [0x00000000f3e80000,0x00000000f3e80000,0x00000000f6500000)
 ParOldGen       total 154624K, used 55394K [0x00000000a0000000, 0x00000000a9700000, 0x00000000e0000000)
  object space 154624K, 35% used [0x00000000a0000000,0x00000000a3618988,0x00000000a9700000)
 Metaspace       used 62142K, capacity 63932K, committed 64216K, reserved 1105920K
  class space    used 8253K, capacity 8658K, committed 8704K, reserved 1048576K
Event: 22,900 GC heap after
Heap after GC invocations=17 (full 3):
 PSYoungGen      total 314880K, used 39413K [0x00000000e0000000, 0x00000000f8a80000, 0x0000000100000000)
  eden space 275456K, 0% used [0x00000000e0000000,0x00000000e0000000,0x00000000f0d00000)
  from space 39424K, 99% used [0x00000000f3e80000,0x00000000f64fd4c0,0x00000000f6500000)
  to   space 50688K, 0% used [0x00000000f0d00000,0x00000000f0d00000,0x00000000f3e80000)
 ParOldGen       total 154624K, used 69057K [0x00000000a0000000, 0x00000000a9700000, 0x00000000e0000000)
  object space 154624K, 44% used [0x00000000a0000000,0x00000000a4370430,0x00000000a9700000)
 Metaspace       used 62142K, capacity 63932K, committed 64216K, reserved 1105920K
  class space    used 8253K, capacity 8658K, committed 8704K, reserved 1048576K
}

