# JRE version: Java(TM) SE Runtime Environment (8.0_91-b14) (build 1.8.0_91-b14)
# Java VM: Java HotSpot(TM) 64-Bit Server VM (25.91-b14 mixed mode linux-amd64 compressed oops)
Heap:
 PSYoungGen      total 300544K, used 46593K [0x00000000e0000000, 0x00000000f6b00000, 0x0000000100000000)
  eden space 256000K, 0% used [0x00000000e0000000,0x00000000e0206f70,0x00000000efa00000)
  from space 44544K, 99% used [0x00000000f2d00000,0x00000000f5879578,0x00000000f5880000)
  to   space 52224K, 0% used [0x00000000efa00000,0x00000000efa00000,0x00000000f2d00000)
 ParOldGen       total 165376K, used 65584K [0x00000000a0000000, 0x00000000aa180000, 0x00000000e0000000)
  object space 165376K, 39% used [0x00000000a0000000,0x00000000a400c3b8,0x00000000aa180000)
 Metaspace       used 62342K, capacity 64058K, committed 64216K, reserved 1105920K
  class space    used 8256K, capacity 8657K, committed 8664K, reserved 1048576K
GC Heap History (10 events):
Event: 11,498 GC heap before
{Heap before GC invocations=17 (full 3):
 PSYoungGen      total 174592K, used 152789K [0x00000000e0000000, 0x00000000eea00000, 0x0000000100000000)
  eden space 153088K, 99% used [0x00000000e0000000,0x00000000e95355f0,0x00000000e9580000)
  from space 21504K, 0% used [0x00000000e9580000,0x00000000e9580000,0x00000000eaa80000)
  to   space 24064K, 0% used [0x00000000ed280000,0x00000000ed280000,0x00000000eea00000)
 ParOldGen       total 165376K, used 39488K [0x00000000a0000000, 0x00000000aa180000, 0x00000000e0000000)
  object space 165376K, 23% used [0x00000000a0000000,0x00000000a2690198,0x00000000aa180000)
 Metaspace       used 58037K, capacity 59674K, committed 59992K, reserved 1101824K
  class space    used 7854K, capacity 8211K, committed 8280K, reserved 1048576K
Event: 11,502 GC heap after
Heap after GC invocations=17 (full 3):
 PSYoungGen      total 205312K, used 877K [0x00000000e0000000, 0x00000000ee580000, 0x0000000100000000)
  eden space 185856K, 0% used [0x00000000e0000000,0x00000000e0000000,0x00000000eb580000)
  from space 19456K, 4% used [0x00000000ed280000,0x00000000ed35b510,0x00000000ee580000)
  to   space 24576K, 0% used [0x00000000eb580000,0x00000000eb580000,0x00000000ecd80000)
 ParOldGen       total 165376K, used 39496K [0x00000000a0000000, 0x00000000aa180000, 0x00000000e0000000)
  object space 165376K, 23% used [0x00000000a0000000,0x00000000a2692198,0x00000000aa180000)
 Metaspace       used 58037K, capacity 59674K, committed 59992K, reserved 1101824K
  class space    used 7854K, capacity 8211K, committed 8280K, reserved 1048576K
}
Event: 12,748 GC heap before
{Heap before GC invocations=18 (full 3):
 PSYoungGen      total 205312K, used 186733K [0x00000000e0000000, 0x00000000ee580000, 0x0000000100000000)
  eden space 185856K, 100% used [0x00000000e0000000,0x00000000eb580000,0x00000000eb580000)
  from space 19456K, 4% used [0x00000000ed280000,0x00000000ed35b510,0x00000000ee580000)
  to   space 24576K, 0% used [0x00000000eb580000,0x00000000eb580000,0x00000000ecd80000)
 ParOldGen       total 165376K, used 39496K [0x00000000a0000000, 0x00000000aa180000, 0x00000000e0000000)
  object space 165376K, 23% used [0x00000000a0000000,0x00000000a2692198,0x00000000aa180000)
 Metaspace       used 61658K, capacity 63384K, committed 63448K, reserved 1103872K
  class space    used 8232K, capacity 8624K, committed 8664K, reserved 1048576K
Event: 12,771 GC heap after
Heap after GC invocations=18 (full 3):
 PSYoungGen      total 210432K, used 17260K [0x00000000e0000000, 0x00000000f0e00000, 0x0000000100000000)
  eden space 185856K, 0% used [0x00000000e0000000,0x00000000e0000000,0x00000000eb580000)
  from space 24576K, 70% used [0x00000000eb580000,0x00000000ec65b020,0x00000000ecd80000)
  to   space 25600K, 0% used [0x00000000ef500000,0x00000000ef500000,0x00000000f0e00000)
 ParOldGen       total 165376K, used 39504K [0x00000000a0000000, 0x00000000aa180000, 0x00000000e0000000)
  object space 165376K, 23% used [0x00000000a0000000,0x00000000a2694198,0x00000000aa180000)
 Metaspace       used 61658K, capacity 63384K, committed 63448K, reserved 1103872K
  class space    used 8232K, capacity 8624K, committed 8664K, reserved 1048576K
}
Event: 13,688 GC heap before
{Heap before GC invocations=19 (full 3):
 PSYoungGen      total 210432K, used 203116K [0x00000000e0000000, 0x00000000f0e00000, 0x0000000100000000)
  eden space 185856K, 100% used [0x00000000e0000000,0x00000000eb580000,0x00000000eb580000)
  from space 24576K, 70% used [0x00000000eb580000,0x00000000ec65b020,0x00000000ecd80000)
  to   space 25600K, 0% used [0x00000000ef500000,0x00000000ef500000,0x00000000f0e00000)
 ParOldGen       total 165376K, used 39504K [0x00000000a0000000, 0x00000000aa180000, 0x00000000e0000000)
  object space 165376K, 23% used [0x00000000a0000000,0x00000000a2694198,0x00000000aa180000)
 Metaspace       used 61892K, capacity 63610K, committed 63704K, reserved 1103872K
  class space    used 8251K, capacity 8657K, committed 8664K, reserved 1048576K
Event: 13,746 GC heap after
Heap after GC invocations=19 (full 3):
 PSYoungGen      total 242688K, used 25581K [0x00000000e0000000, 0x00000000f2900000, 0x0000000100000000)
  eden space 217088K, 0% used [0x00000000e0000000,0x00000000e0000000,0x00000000ed400000)
  from space 25600K, 99% used [0x00000000ef500000,0x00000000f0dfb4e8,0x00000000f0e00000)
  to   space 33792K, 0% used [0x00000000ed400000,0x00000000ed400000,0x00000000ef500000)
 ParOldGen       total 165376K, used 51434K [0x00000000a0000000, 0x00000000aa180000, 0x00000000e0000000)
  object space 165376K, 31% used [0x00000000a0000000,0x00000000a323a9c0,0x00000000aa180000)
 Metaspace       used 61892K, capacity 63610K, committed 63704K, reserved 1103872K
  class space    used 8251K, capacity 8657K, committed 8664K, reserved 1048576K
}
Event: 14,649 GC heap before
{Heap before GC invocations=20 (full 3):
 PSYoungGen      total 242688K, used 242669K [0x00000000e0000000, 0x00000000f2900000, 0x0000000100000000)
  eden space 217088K, 100% used [0x00000000e0000000,0x00000000ed400000,0x00000000ed400000)
  from space 25600K, 99% used [0x00000000ef500000,0x00000000f0dfb4e8,0x00000000f0e00000)
  to   space 33792K, 0% used [0x00000000ed400000,0x00000000ed400000,0x00000000ef500000)
 ParOldGen       total 165376K, used 51434K [0x00000000a0000000, 0x00000000aa180000, 0x00000000e0000000)
  object space 165376K, 31% used [0x00000000a0000000,0x00000000a323a9c0,0x00000000aa180000)
 Metaspace       used 62057K, capacity 63802K, committed 63960K, reserved 1103872K
  class space    used 8254K, capacity 8657K, committed 8664K, reserved 1048576K
Event: 14,717 GC heap after
Heap after GC invocations=20 (full 3):
 PSYoungGen      total 250880K, used 33770K [0x00000000e0000000, 0x00000000f5880000, 0x0000000100000000)
  eden space 217088K, 0% used [0x00000000e0000000,0x00000000e0000000,0x00000000ed400000)
  from space 33792K, 99% used [0x00000000ed400000,0x00000000ef4faa28,0x00000000ef500000)
  to   space 44544K, 0% used [0x00000000f2d00000,0x00000000f2d00000,0x00000000f5880000)
 ParOldGen       total 165376K, used 64592K [0x00000000a0000000, 0x00000000aa180000, 0x00000000e0000000)
  object space 165376K, 39% used [0x00000000a0000000,0x00000000a3f140f8,0x00000000aa180000)
 Metaspace       used 62057K, capacity 63802K, committed 63960K, reserved 1103872K
  class space    used 8254K, capacity 8657K, committed 8664K, reserved 1048576K
}
Event: 15,905 GC heap before
{Heap before GC invocations=21 (full 3):
 PSYoungGen      total 250880K, used 250858K [0x00000000e0000000, 0x00000000f5880000, 0x0000000100000000)
  eden space 217088K, 100% used [0x00000000e0000000,0x00000000ed400000,0x00000000ed400000)
  from space 33792K, 99% used [0x00000000ed400000,0x00000000ef4faa28,0x00000000ef500000)
  to   space 44544K, 0% used [0x00000000f2d00000,0x00000000f2d00000,0x00000000f5880000)
 ParOldGen       total 165376K, used 64592K [0x00000000a0000000, 0x00000000aa180000, 0x00000000e0000000)
  object space 165376K, 39% used [0x00000000a0000000,0x00000000a3f140f8,0x00000000aa180000)
 Metaspace       used 62342K, capacity 64058K, committed 64216K, reserved 1105920K
  class space    used 8256K, capacity 8657K, committed 8664K, reserved 1048576K
Event: 15,994 GC heap after
Heap after GC invocations=21 (full 3):
 PSYoungGen      total 300544K, used 44517K [0x00000000e0000000, 0x00000000f6b00000, 0x0000000100000000)
  eden space 256000K, 0% used [0x00000000e0000000,0x00000000e0000000,0x00000000efa00000)
  from space 44544K, 99% used [0x00000000f2d00000,0x00000000f5879578,0x00000000f5880000)
  to   space 52224K, 0% used [0x00000000efa00000,0x00000000efa00000,0x00000000f2d00000)
 ParOldGen       total 165376K, used 65584K [0x00000000a0000000, 0x00000000aa180000, 0x00000000e0000000)
  object space 165376K, 39% used [0x00000000a0000000,0x00000000a400c3b8,0x00000000aa180000)
 Metaspace       used 62342K, capacity 64058K, committed 64216K, reserved 1105920K
  class space    used 8256K, capacity 8657K, committed 8664K, reserved 1048576K
}

